#
# There is insufficient memory for the Java Runtime Environment to continue.
# Native memory allocation (mmap) failed to map 134217728 bytes for Failed to commit area from 0x0000000081400000 to 0x0000000089400000 of length 134217728.
# Possible reasons:
#   The system is out of physical RAM or swap space
#   The process is running with CompressedOops enabled, and the Java Heap may be blocking the growth of the native heap
# Possible solutions:
#   Reduce memory load on the system
#   Increase physical memory or swap space
#   Check if swap backing store is full
#   Decrease Java heap size (-Xmx/-Xms)
#   Decrease number of Java threads
#   Decrease Java thread stack sizes (-Xss)
#   Set larger code cache with -XX:ReservedCodeCacheSize=
# This output file may be truncated or incomplete.
#
#  Out of Memory Error (t:/workspace/open/src/hotspot/os/windows/os_windows.cpp:3221), pid=1868, tid=6328
#
# JRE version:  (10.0.2+13) (build )
# Java VM: Java HotSpot(TM) 64-Bit Server VM (10.0.2+13, mixed mode, aot, tiered, compressed oops, g1 gc, windows-amd64)
# No core dump will be written. Minidumps are not enabled by default on client versions of Windows
#

---------------  S U M M A R Y ------------

Command Line: 

Host: Intel(R) Core(TM) i5-7200U CPU @ 2.50GHz, 4 cores, 7G,  Windows 10 , 64 bit Build 15063 (10.0.15063.1058)
Time: Fri Aug 24 06:01:40 2018 Egypt Standard Time elapsed time: 1 seconds (0d 0h 0m 1s)

---------------  T H R E A D  ---------------

Current thread (0x000001374e650800):  JavaThread "Unknown thread" [_thread_in_vm, id=6328, stack(0x0000001a96b00000,0x0000001a96c00000)]

Stack: [0x0000001a96b00000,0x0000001a96c00000]
Native frames: (J=compiled Java code, j=interpreted, Vv=VM code, C=native code)
V  [jvm.dll+0x5a01a9]
V  [jvm.dll+0x6bcf31]
V  [jvm.dll+0x6be126]
V  [jvm.dll+0x6be7b3]
V  [jvm.dll+0x234978]
V  [jvm.dll+0x59dac4]
V  [jvm.dll+0x592825]
V  [jvm.dll+0x2f632b]
V  [jvm.dll+0x2f6295]
V  [jvm.dll+0x2f6172]
V  [jvm.dll+0x2f8366]
V  [jvm.dll+0x344293]
V  [jvm.dll+0x3449a6]
V  [jvm.dll+0x344393]
V  [jvm.dll+0x2c4628]
V  [jvm.dll+0x2c5771]
V  [jvm.dll+0x69d1db]
V  [jvm.dll+0x69e9fc]
V  [jvm.dll+0x3519e9]
V  [jvm.dll+0x6856a2]
V  [jvm.dll+0x3ba0c3]
V  [jvm.dll+0x3bc261]
C  [java.exe+0x3531]
C  [java.exe+0xe1af]
C  [java.exe+0xe356]
C  [KERNEL32.DLL+0x12784]
C  [ntdll.dll+0x50c31]


---------------  P R O C E S S  ---------------

Threads class SMR info:
_java_thread_list=0x000001374c477440, length=0, elements={
}

Java Threads: ( => current thread )

Other Threads:
  0x000001374e667000 GCTaskThread "GC Thread#0" [stack: 0x0000001a96c00000,0x0000001a96d00000] [id=12972]
  0x000001374e669800 GCTaskThread "GC Thread#1" [stack: 0x0000001a96d00000,0x0000001a96e00000] [id=2044]
  0x000001374e66b000 GCTaskThread "GC Thread#2" [stack: 0x0000001a96e00000,0x0000001a96f00000] [id=9304]
  0x000001374e66d000 GCTaskThread "GC Thread#3" [stack: 0x0000001a96f00000,0x0000001a97000000] [id=6000]
  0x000001374e6e0000 ConcurrentGCThread "G1 Main Marker" [stack: 0x0000001a97000000,0x0000001a97100000] [id=6776]
  0x000001374e6e3800 ConcurrentGCThread "G1 Conc#0" [stack: 0x0000001a97100000,0x0000001a97200000] [id=11000]

[error occurred during error reporting (printing all threads), id 0xe0000002]

VM state:not at safepoint (not fully initialized)

VM Mutex/Monitor currently owned by a thread:  ([mutex/lock_event])
[0x000001374e64ed00] Heap_lock - owner thread: 0x000001374e650800

Heap address: 0x0000000081400000, size: 2028 MB, Compressed Oops mode: Non-zero based: 0x0000000081400000
Narrow klass base: 0x0000000000000000, Narrow klass shift: 0

GC Heap History (0 events):
No events

Deoptimization events (0 events):
No events

Classes redefined (0 events):
No events

Internal exceptions (0 events):
No events

Events (0 events):
No events


Dynamic libraries:
0x00007ff623bd0000 - 0x00007ff623c0e000 	C:\Program Files (x86)\Common Files\Oracle\Java\javapath\java.exe
0x00007ff82e8b0000 - 0x00007ff82ea8b000 	C:\Windows\SYSTEM32\ntdll.dll
0x00007ff82c9c0000 - 0x00007ff82ca6e000 	C:\Windows\System32\KERNEL32.DLL
0x00007ff82ba50000 - 0x00007ff82bc9a000 	C:\Windows\System32\KERNELBASE.dll
0x00007ff82be10000 - 0x00007ff82beb1000 	C:\Windows\System32\ADVAPI32.dll
0x00007ff82e810000 - 0x00007ff82e8ad000 	C:\Windows\System32\msvcrt.dll
0x00007ff82e150000 - 0x00007ff82e1a9000 	C:\Windows\System32\sechost.dll
0x00007ff82c060000 - 0x00007ff82c185000 	C:\Windows\System32\RPCRT4.dll
0x00007ff82c200000 - 0x00007ff82c34a000 	C:\Windows\System32\USER32.dll
0x00007ff82b4d0000 - 0x00007ff82b4ee000 	C:\Windows\System32\win32u.dll
0x00007ff82c990000 - 0x00007ff82c9b7000 	C:\Windows\System32\GDI32.dll
0x00007ff82b650000 - 0x00007ff82b7d8000 	C:\Windows\System32\gdi32full.dll
0x00007ff82b7e0000 - 0x00007ff82b87a000 	C:\Windows\System32\msvcp_win.dll
0x00007ff82bd10000 - 0x00007ff82be06000 	C:\Windows\System32\ucrtbase.dll
0x00007ff81db30000 - 0x00007ff81dd97000 	C:\Windows\WinSxS\amd64_microsoft.windows.common-controls_6595b64144ccf1df_6.0.15063.1155_none_40c7922129a7722b\COMCTL32.dll
0x00007ff81a6d0000 - 0x00007ff81a6da000 	C:\Windows\SYSTEM32\VERSION.dll
0x00007ff82c400000 - 0x00007ff82c6f9000 	C:\Windows\System32\combase.dll
0x00007ff82bca0000 - 0x00007ff82bd0a000 	C:\Windows\System32\bcryptPrimitives.dll
0x00007ff82c700000 - 0x00007ff82c72d000 	C:\Windows\System32\IMM32.DLL
0x00007ff817b60000 - 0x00007ff817c4f000 	C:\Program Files\Java\jre-10.0.2\bin\msvcr120.dll
0x00007ff8173f0000 - 0x00007ff817496000 	C:\Program Files\Java\jre-10.0.2\bin\msvcp120.dll
0x0000000065400000 - 0x0000000065e70000 	C:\Program Files\Java\jre-10.0.2\bin\server\jvm.dll
0x00007ff82c1f0000 - 0x00007ff82c1f8000 	C:\Windows\System32\PSAPI.DLL
0x00007ff81a7a0000 - 0x00007ff81a7a9000 	C:\Windows\SYSTEM32\WSOCK32.dll
0x00007ff829340000 - 0x00007ff829363000 	C:\Windows\SYSTEM32\WINMM.dll
0x00007ff82cbe0000 - 0x00007ff82cc4c000 	C:\Windows\System32\WS2_32.dll
0x00007ff829310000 - 0x00007ff82933b000 	C:\Windows\SYSTEM32\winmmbase.dll
0x00007ff82b4f0000 - 0x00007ff82b539000 	C:\Windows\System32\cfgmgr32.dll
0x00007ff826450000 - 0x00007ff82645f000 	C:\Program Files\Java\jre-10.0.2\bin\verify.dll
0x00007ff827410000 - 0x00007ff8275b9000 	C:\Windows\SYSTEM32\DBGHELP.DLL
0x00007ff819840000 - 0x00007ff819869000 	C:\Windows\SYSTEM32\dbgcore.DLL
0x00007ff81d9b0000 - 0x00007ff81d9d7000 	C:\Program Files\Java\jre-10.0.2\bin\java.dll
0x00007ff81efb0000 - 0x00007ff81efc6000 	C:\Program Files\Java\jre-10.0.2\bin\zip.dll
0x00007ff823aa0000 - 0x00007ff823aaa000 	C:\Program Files\Java\jre-10.0.2\bin\jimage.dll

dbghelp: loaded successfully - version: 4.0.5 - missing functions: none
symbol engine: initialized successfully - sym options: 0x614 - pdb path: .;C:\Program Files (x86)\Common Files\Oracle\Java\javapath;C:\Windows\SYSTEM32;C:\Windows\WinSxS\amd64_microsoft.windows.common-controls_6595b64144ccf1df_6.0.15063.1155_none_40c7922129a7722b;C:\Program Files\Java\jre-10.0.2\bin;C:\Program Files\Java\jre-10.0.2\bin\server

VM Arguments:
java_command: <unknown>
java_class_path (initial): <not set>
Launcher Type: SUN_STANDARD

Logging:
Log output configuration:
#0: stdout all=warning uptime,level,tags
#1: stderr all=off uptime,level,tags

Environment Variables:
PATH=C:\Program Files (x86)\Common Files\Oracle\Java\javapath;C:\ProgramData\Oracle\Java\javapath;C:\Windows\system32;C:\Windows;C:\Windows\System32\Wbem;C:\Windows\System32\WindowsPowerShell\v1.0\;C:\Program Files\Git\cmd;C:\Program Files\Dart\dart-sdk\bin;C:\Program Files\Microsoft VS Code\bin;C:\Program Files (x86)\Brackets\command;C:\Users\SHA3RAWI\AppData\Local\Programs\Python\Python36-32\Scripts\;C:\Users\SHA3RAWI\AppData\Local\Programs\Python\Python36-32\;C:\Users\SHA3RAWI\AppData\Local\Programs\Python\Launcher\;C:\Users\SHA3RAWI\AppData\Local\Microsoft\WindowsApps;C:\Program Files (x86)\Microsoft VS Code\bin;D:\PROGRAMMING\Frameworks\flutter\flutter\bin;;D:\PROGRAMMING\Frameworks\flutter\flutter\bin\mingit\cmd
USERNAME=SHA3RAWI
OS=Windows_NT
PROCESSOR_IDENTIFIER=Intel64 Family 6 Model 142 Stepping 9, GenuineIntel



---------------  S Y S T E M  ---------------

OS: Windows 10 , 64 bit Build 15063 (10.0.15063.1058)

CPU:total 4 (initial active 4) (2 cores per cpu, 2 threads per core) family 6 model 142 stepping 9, cmov, cx8, fxsr, mmx, sse, sse2, sse3, ssse3, sse4.1, sse4.2, popcnt, avx, avx2, aes, clmul, erms, 3dnowpref, lzcnt, ht, tsc, tscinvbit, bmi1, bmi2, adx, fma

Memory: 4k page, physical 8302416k(660096k free), swap 27429964k(102160k free)

vm_info: Java HotSpot(TM) 64-Bit Server VM (10.0.2+13) for windows-amd64 JRE (10.0.2+13), built on Jun 28 2018 01:57:56 by "mach5one" with MS VC++ 12.0 (VS2013)

END.
